  Assembling Source.asm...
Source.asm(3): error A2013: .MODEL must precede this directive
Source.asm(5): error A2013: .MODEL must precede this directive
Source.asm(9): error A2034: must be in segment block : encryptCaesarAsm
Source.asm(11): error A2034: must be in segment block
Source.asm(12): error A2034: must be in segment block
Source.asm(13): error A2034: must be in segment block
Source.asm(14): error A2034: must be in segment block
Source.asm(15): error A2034: must be in segment block
Source.asm(16): error A2034: must be in segment block
Source.asm(17): error A2008: syntax error : .
Source.asm(18): error A2034: must be in segment block
Source.asm(19): error A2034: must be in segment block
Source.asm(20): error A2034: must be in segment block
Source.asm(21): error A2034: must be in segment block
Source.asm(22): error A2034: must be in segment block
Source.asm(23): error A2034: must be in segment block
Source.asm(24): error A2034: must be in segment block
Source.asm(25): error A2034: must be in segment block
Source.asm(26): error A2034: must be in segment block
Source.asm(27): error A2034: must be in segment block
Source.asm(28): error A2034: must be in segment block
Source.asm(29): error A2034: must be in segment block
Source.asm(30): error A2034: must be in segment block
Source.asm(31): error A2034: must be in segment block
Source.asm(32): error A2034: must be in segment block
Source.asm(33): error A2034: must be in segment block
Source.asm(34): error A2034: must be in segment block
Source.asm(35): error A2034: must be in segment block
Source.asm(36): error A2034: must be in segment block
Source.asm(37): error A2034: must be in segment block
Source.asm(38): error A2034: must be in segment block
Source.asm(39): error A2034: must be in segment block
Source.asm(40): error A2034: must be in segment block
Source.asm(41): error A2034: must be in segment block
Source.asm(42): error A2034: must be in segment block
Source.asm(43): error A2034: must be in segment block
Source.asm(44): error A2034: must be in segment block
Source.asm(45): error A2034: must be in segment block
Source.asm(46): error A2034: must be in segment block
Source.asm(47): error A2034: must be in segment block
Source.asm(48): error A2034: must be in segment block
Source.asm(49): error A2034: must be in segment block
Source.asm(50): error A2034: must be in segment block
Source.asm(51): error A2034: must be in segment block
Source.asm(52): error A2034: must be in segment block
Source.asm(53): error A2034: must be in segment block
Source.asm(54): error A2034: must be in segment block
Source.asm(55): error A2034: must be in segment block
Source.asm(56): error A2034: must be in segment block
Source.asm(57): error A2034: must be in segment block
Source.asm(58): error A2034: must be in segment block
Source.asm(59): error A2034: must be in segment block
Source.asm(60): error A2034: must be in segment block
Source.asm(61): error A2034: must be in segment block
Source.asm(62): error A2034: must be in segment block
Source.asm(63): error A2008: syntax error : .
Source.asm(64): error A2034: must be in segment block
Source.asm(65): error A2034: must be in segment block
Source.asm(66): error A2034: must be in segment block
Source.asm(67): error A2034: must be in segment block
Source.asm(68): error A2034: must be in segment block
Source.asm(69): error A2034: must be in segment block
Source.asm(70): error A2034: must be in segment block
Source.asm(71): error A2034: must be in segment block
Source.asm(72): error A2034: must be in segment block
Source.asm(73): error A2034: must be in segment block
Source.asm(74): error A2034: must be in segment block
Source.asm(75): error A2034: must be in segment block
Source.asm(76): error A2034: must be in segment block
Source.asm(77): error A2034: must be in segment block
Source.asm(78): error A2034: must be in segment block
Source.asm(79): error A2008: syntax error : .
Source.asm(80): error A2034: must be in segment block
Source.asm(81): error A2034: must be in segment block
Source.asm(82): error A2008: syntax error : .
Source.asm(83): error A2034: must be in segment block
Source.asm(84): error A2034: must be in segment block
Source.asm(85): error A2034: must be in segment block
Source.asm(86): fatal error A1010: unmatched block nesting : encryptCaesarAsm
E:\VisualStudio2017\Common7\IDE\VC\VCTargets\BuildCustomizations\masm.targets(69,5): error MSB3721: The command "ml.exe /c /nologo /Zi /Fo"Release\Source.obj" /W3 /errorReport:prompt  /TaSource.asm" exited with code 1.
