e:\semestr_5\ja\cipher\cipherasmdll\x64\debug\cipherasmdll.pch
e:\semestr_5\ja\cipher\cipherasmdll\x64\debug\vc140.pdb
e:\semestr_5\ja\cipher\cipherasmdll\x64\debug\stdafx.obj
e:\semestr_5\ja\cipher\cipherasmdll\x64\debug\vc141.pdb
e:\semestr_5\ja\cipher\cipherasmdll\x64\debug\cipherasmdll.obj
e:\semestr_5\ja\cipher\cipherasmdll\x64\debug\assemblyinfo.obj
e:\semestr_5\ja\cipher\cipherasmdll\x64\debug\.netframework,version=v4.5.2.assemblyattributes.obj
e:\semestr_5\ja\cipher\cipherasmdll\x64\debug\.netframework,version=v4.5.2.assemblyattributes.asm
e:\semestr_5\ja\cipher\x64\debug\cipherasmdll.dll
e:\semestr_5\ja\cipher\x64\debug\cipherasmdll.pdb
e:\semestr_5\ja\cipher\cipherasmdll\x64\debug\app.res
e:\semestr_5\ja\cipher\cipherasmdll\x64\debug\cipherasmdll.vcxprojassemblyreference.cache
e:\semestr_5\ja\cipher\cipherasmdll\x64\debug\cipherasmdll.vcxprojresolveassemblyreference.cache
e:\semestr_5\ja\cipher\cipherasmdll\x64\debug\cipherasmdll.tlog\cl.command.1.tlog
e:\semestr_5\ja\cipher\cipherasmdll\x64\debug\cipherasmdll.tlog\cl.read.1.tlog
e:\semestr_5\ja\cipher\cipherasmdll\x64\debug\cipherasmdll.tlog\cl.write.1.tlog
e:\semestr_5\ja\cipher\cipherasmdll\x64\debug\cipherasmdll.tlog\link.command.1.tlog
e:\semestr_5\ja\cipher\cipherasmdll\x64\debug\cipherasmdll.tlog\link.read.1.tlog
e:\semestr_5\ja\cipher\cipherasmdll\x64\debug\cipherasmdll.tlog\link.write.1.tlog
e:\semestr_5\ja\cipher\cipherasmdll\x64\debug\cipherasmdll.tlog\metagen.read.1.tlog
e:\semestr_5\ja\cipher\cipherasmdll\x64\debug\cipherasmdll.tlog\metagen.write.1.tlog
e:\semestr_5\ja\cipher\cipherasmdll\x64\debug\cipherasmdll.tlog\rc.command.1.tlog
e:\semestr_5\ja\cipher\cipherasmdll\x64\debug\cipherasmdll.tlog\rc.read.1.tlog
e:\semestr_5\ja\cipher\cipherasmdll\x64\debug\cipherasmdll.tlog\rc.write.1.tlog
e:\semestr_5\ja\cipher\cipherasmdll\x64\debug\cipherasmdll.tlog\clui.dll.bi
e:\semestr_5\ja\cipher\cipherasmdll\x64\debug\cipherasmdll.tlog\tzres.dll.bi
